[2018-02-02 10:37:16.539] [jointLog] [info] numQuantThreads = 10
[2018-02-02 10:37:17.160] [jointLog] [info] replaced 87913 non-ACGT nucleotides with random nucleotides
[2018-02-02 10:37:17.438] [fileLog] [info] quantification processed 0 fragments so far

[2018-02-02 10:37:18.797] [fileLog] [info] quantification processed 1000000 fragments so far

[2018-02-02 10:37:20.332] [fileLog] [info] quantification processed 2000000 fragments so far

[2018-02-02 10:37:22.015] [fileLog] [info] quantification processed 3000000 fragments so far

[2018-02-02 10:37:23.747] [fileLog] [info] quantification processed 4000000 fragments so far

[2018-02-02 10:37:25.043] [jointLog] [info] 

The alignment group queue pool has been exhausted.  2443273 extra fragments were allocated on the heap to saturate the pool.  No new fragments will be allocated


[2018-02-02 10:37:25.858] [fileLog] [info] quantification processed 5000000 fragments so far

[2018-02-02 10:37:28.595] [fileLog] [info] quantification processed 6000000 fragments so far

[2018-02-02 10:37:31.061] [fileLog] [info] quantification processed 7000000 fragments so far

[2018-02-02 10:37:33.017] [fileLog] [info] quantification processed 8000000 fragments so far

[2018-02-02 10:37:34.894] [fileLog] [info] quantification processed 9000000 fragments so far

[2018-02-02 10:37:36.767] [fileLog] [info] quantification processed 10000000 fragments so far

[2018-02-02 10:37:38.607] [fileLog] [info] quantification processed 11000000 fragments so far

[2018-02-02 10:37:40.527] [fileLog] [info] quantification processed 12000000 fragments so far

[2018-02-02 10:37:42.420] [fileLog] [info] quantification processed 13000000 fragments so far

[2018-02-02 10:37:44.267] [fileLog] [info] quantification processed 14000000 fragments so far

[2018-02-02 10:37:46.127] [fileLog] [info] quantification processed 15000000 fragments so far

[2018-02-02 10:37:47.970] [fileLog] [info] quantification processed 16000000 fragments so far

[2018-02-02 10:37:49.832] [fileLog] [info] quantification processed 17000000 fragments so far

[2018-02-02 10:37:51.689] [fileLog] [info] quantification processed 18000000 fragments so far

[2018-02-02 10:37:53.590] [fileLog] [info] quantification processed 19000000 fragments so far

[2018-02-02 10:37:55.493] [fileLog] [info] quantification processed 20000000 fragments so far

[2018-02-02 10:37:57.440] [fileLog] [info] quantification processed 21000000 fragments so far

[2018-02-02 10:37:59.480] [fileLog] [info] quantification processed 22000000 fragments so far

[2018-02-02 10:38:01.623] [fileLog] [info] quantification processed 23000000 fragments so far

[2018-02-02 10:38:03.709] [fileLog] [info] quantification processed 24000000 fragments so far

[2018-02-02 10:38:05.793] [fileLog] [info] quantification processed 25000000 fragments so far

[2018-02-02 10:38:07.819] [fileLog] [info] quantification processed 26000000 fragments so far

[2018-02-02 10:38:09.794] [fileLog] [info] quantification processed 27000000 fragments so far

[2018-02-02 10:38:11.785] [fileLog] [info] quantification processed 28000000 fragments so far

[2018-02-02 10:38:13.833] [fileLog] [info] quantification processed 29000000 fragments so far

[2018-02-02 10:38:15.900] [fileLog] [info] quantification processed 30000000 fragments so far

[2018-02-02 10:38:17.968] [fileLog] [info] quantification processed 31000000 fragments so far

[2018-02-02 10:38:19.574] [jointLog] [info] 


Completed first pass through the alignment file.
Total # of mapped reads : 31756704
# of uniquely mapped reads : 24087216
# ambiguously mapped reads : 7669488



[2018-02-02 10:38:19.561] [fileLog] [info] quantification processed 31756704 fragments so far

[2018-02-02 10:38:19.790] [jointLog] [info] Computed 186663 rich equivalence classes for further processing
[2018-02-02 10:38:19.790] [jointLog] [info] Counted 31756704 total reads in the equivalence classes 
[2018-02-02 10:38:19.790] [jointLog] [info] starting optimizer
[2018-02-02 10:38:19.879] [jointLog] [info] Marked 0 weighted equivalence classes as degenerate
[2018-02-02 10:38:19.936] [jointLog] [info] iteration = 0 | max rel diff. = 4.2179
[2018-02-02 10:38:24.841] [jointLog] [info] iteration = 100 | max rel diff. = 0.0551296
[2018-02-02 10:38:29.744] [jointLog] [info] iteration = 200 | max rel diff. = 0.0330725
[2018-02-02 10:38:34.647] [jointLog] [info] iteration = 300 | max rel diff. = 0.0331973
[2018-02-02 10:38:39.560] [jointLog] [info] iteration = 400 | max rel diff. = 0.016188
[2018-02-02 10:38:44.482] [jointLog] [info] iteration = 500 | max rel diff. = 0.0152374
[2018-02-02 10:38:49.412] [jointLog] [info] iteration = 600 | max rel diff. = 0.0152391
[2018-02-02 10:38:54.323] [jointLog] [info] iteration = 700 | max rel diff. = 0.0120074
[2018-02-02 10:38:59.241] [jointLog] [info] iteration = 800 | max rel diff. = 0.0102687
[2018-02-02 10:39:00.567] [jointLog] [info] iteration = 828 | max rel diff. = 0.00977118
[2018-02-02 10:39:00.568] [jointLog] [info] finished optimizer
